# JRE version: OpenJDK Runtime Environment Microsoft-25199 (11.0.12+7) (build 11.0.12+7)
# Java VM: OpenJDK 64-Bit Server VM Microsoft-25199 (11.0.12+7, mixed mode, tiered, compressed oops, g1 gc, bsd-amd64)
Heap:
 garbage-first heap   total 262144K, used 86478K [0x0000000700000000, 0x0000000800000000)
  region size 1024K, 78 young (79872K), 8 survivors (8192K)
 Metaspace       used 39336K, capacity 40850K, committed 41136K, reserved 1085440K
  class space    used 4921K, capacity 5563K, committed 5632K, reserved 1048576K
GC Heap History (8 events):
Event: 0.733 GC heap before
{Heap before GC invocations=0 (full 0):
 garbage-first heap   total 262144K, used 23552K [0x0000000700000000, 0x0000000800000000)
  region size 1024K, 24 young (24576K), 0 survivors (0K)
 Metaspace       used 14447K, capacity 14911K, committed 15232K, reserved 1062912K
  class space    used 1423K, capacity 1578K, committed 1664K, reserved 1048576K
}
Event: 0.737 GC heap after
{Heap after GC invocations=1 (full 0):
 garbage-first heap   total 262144K, used 4084K [0x0000000700000000, 0x0000000800000000)
  region size 1024K, 3 young (3072K), 3 survivors (3072K)
 Metaspace       used 14447K, capacity 14911K, committed 15232K, reserved 1062912K
  class space    used 1423K, capacity 1578K, committed 1664K, reserved 1048576K
}
Event: 0.981 GC heap before
{Heap before GC invocations=1 (full 0):
 garbage-first heap   total 262144K, used 17396K [0x0000000700000000, 0x0000000800000000)
  region size 1024K, 17 young (17408K), 3 survivors (3072K)
 Metaspace       used 20611K, capacity 21084K, committed 21296K, reserved 1069056K
  class space    used 2203K, capacity 2398K, committed 2432K, reserved 1048576K
}
Event: 0.985 GC heap after
{Heap after GC invocations=2 (full 0):
 garbage-first heap   total 262144K, used 6092K [0x0000000700000000, 0x0000000800000000)
  region size 1024K, 5 young (5120K), 5 survivors (5120K)
 Metaspace       used 20611K, capacity 21084K, committed 21296K, reserved 1069056K
  class space    used 2203K, capacity 2398K, committed 2432K, reserved 1048576K
}
Event: 1.388 GC heap before
{Heap before GC invocations=3 (full 0):
 garbage-first heap   total 262144K, used 25548K [0x0000000700000000, 0x0000000800000000)
  region size 1024K, 25 young (25600K), 5 survivors (5120K)
 Metaspace       used 26669K, capacity 27293K, committed 27440K, reserved 1073152K
  class space    used 3121K, capacity 3367K, committed 3456K, reserved 1048576K
}
Event: 1.393 GC heap after
{Heap after GC invocations=4 (full 0):
 garbage-first heap   total 262144K, used 9370K [0x0000000700000000, 0x0000000800000000)
  region size 1024K, 4 young (4096K), 4 survivors (4096K)
 Metaspace       used 26669K, capacity 27293K, committed 27440K, reserved 1073152K
  class space    used 3121K, capacity 3367K, committed 3456K, reserved 1048576K
}
Event: 4.410 GC heap before
{Heap before GC invocations=4 (full 0):
 garbage-first heap   total 262144K, used 44186K [0x0000000700000000, 0x0000000800000000)
  region size 1024K, 37 young (37888K), 4 survivors (4096K)
 Metaspace       used 34518K, capacity 35789K, committed 35888K, reserved 1081344K
  class space    used 4434K, capacity 4972K, committed 4992K, reserved 1048576K
}
Event: 4.421 GC heap after
{Heap after GC invocations=5 (full 0):
 garbage-first heap   total 262144K, used 15822K [0x0000000700000000, 0x0000000800000000)
  region size 1024K, 8 young (8192K), 8 survivors (8192K)
 Metaspace       used 34518K, capacity 35789K, committed 35888K, reserved 1081344K
  class space    used 4434K, capacity 4972K, committed 4992K, reserved 1048576K
}

